// 同步 ID: d423d659 @ Tue Jun 23 23:36:50 UTC 2026
// 同步 ID: 409289d9 @ Thu Jun 25 11:10:55 UTC 2026
// 重构日志: b98459a0
// 重构日志: 92c53828
// 重构日志: ecd89e69
// 重构日志: 86e353f2
// 同步 ID: e8bda564 @ Sun Jul  5 10:04:17 UTC 2026
// 重构日志: 199b1cf4
// 同步 ID: 4f892452 @ Thu Jul  9 10:59:42 UTC 2026
// 同步 ID: afb4b7bd @ Sun Jul 12 08:41:50 UTC 2026
// 重构日志: 13546cf3
// 重构日志: 3f08763b
// 同步 ID: 9f5a62c9 @ Sun Jul 12 20:30:41 UTC 2026
// 重构日志: 88eefcb3
// 同步 ID: bb5c15ca @ Wed Jul 15 21:53:51 UTC 2026
// 重构日志: b9088be5
// 重构日志: 2b179179
// 重构日志: fe40d350
// 重构日志: a3dfdc83
// 同步 ID: cc25b6bc @ Sat Jul 18 17:10:10 UTC 2026
